<?xml version="1.0" encoding="UTF-8"?>
<!-- Generated by org.testng.reporters.JUnitReportReporter -->
<testsuite hostname="Nilesh-Bhavsar-25" failures="0" tests="3" name="demo.TestNGPriorityDemo" time="0.026" errors="0" timestamp="2022-04-17T21:59:05 IST" skipped="0">
  <testcase classname="demo.TestNGPriorityDemo" name="one" time="0.019"/>
  <system-out/>
  <testcase classname="demo.TestNGPriorityDemo" name="two" time="0.005"/>
  <system-out/>
  <testcase classname="demo.TestNGPriorityDemo" name="three" time="0.002"/>
  <system-out/>
</testsuite> <!-- demo.TestNGPriorityDemo -->
