<?xml version="1.0" encoding="UTF-8"?>
<!-- Generated by org.testng.reporters.JUnitReportReporter -->
<testsuite hostname="Nilesh-Bhavsar-25" failures="0" tests="1" name="demo.TestNGParametersDemo" time="0.024" errors="0" timestamp="2022-04-18T09:07:29 IST" skipped="0">
  <testcase classname="demo.TestNGParametersDemo" name="test" time="0.024"/>
  <system-out/>
</testsuite> <!-- demo.TestNGParametersDemo -->
