<?xml version="1.0" encoding="UTF-8"?>
<!-- Generated by org.testng.reporters.JUnitReportReporter -->
<testsuite hostname="Nilesh-Bhavsar-25" failures="0" tests="2" name="demo.TestNGMultiBrowserDemo" time="9.634" errors="0" timestamp="2022-04-18T06:25:35 IST" skipped="0">
  <testcase classname="demo.TestNGMultiBrowserDemo" name="test1" time="5.736"/>
  <system-out/>
  <testcase classname="demo.TestNGMultiBrowserDemo" name="test1" time="3.898"/>
  <system-out/>
</testsuite> <!-- demo.TestNGMultiBrowserDemo -->
